c:\users\john\documents\visual studio 2013\projects\sdltemplate\150project\sdltemplate\debug\vc120.pdb
c:\users\john\documents\visual studio 2013\projects\sdltemplate\150project\sdltemplate\debug\vc120.idb
c:\users\john\documents\visual studio 2013\projects\sdltemplate\150project\sdltemplate\debug\game.obj
c:\users\john\documents\visual studio 2013\projects\sdltemplate\150project\sdltemplate\debug\gameobject.obj
c:\users\john\documents\visual studio 2013\projects\sdltemplate\150project\sdltemplate\debug\player.obj
c:\users\john\documents\visual studio 2013\projects\sdltemplate\150project\sdltemplate\debug\texturemanager.obj
c:\users\john\documents\visual studio 2013\projects\sdltemplate\150project\sdltemplate\debug\enemy.obj
c:\users\john\documents\visual studio 2013\projects\sdltemplate\150project\sdltemplate\debug\main.obj
c:\users\john\documents\visual studio 2013\projects\sdltemplate\150project\sdltemplate\debug\menustate.obj
c:\users\john\documents\visual studio 2013\projects\sdltemplate\150project\sdltemplate\debug\gamestatemachine.obj
c:\users\john\documents\visual studio 2013\projects\sdltemplate\150project\sdltemplate\debug\playstate.obj
c:\users\user\source\repos\150project2\sdltemplate\debug\vc120.pdb
c:\users\user\source\repos\150project2\sdltemplate\debug\vc120.idb
c:\users\user\source\repos\150project2\sdltemplate\debug\enemy.obj
c:\users\user\source\repos\150project2\sdltemplate\debug\game.obj
c:\users\user\source\repos\150project2\sdltemplate\debug\gameobject.obj
c:\users\user\source\repos\150project2\sdltemplate\debug\gamestatemachine.obj
c:\users\user\source\repos\150project2\sdltemplate\debug\main.obj
c:\users\user\source\repos\150project2\sdltemplate\debug\menustate.obj
c:\users\user\source\repos\150project2\sdltemplate\debug\player.obj
c:\users\user\source\repos\150project2\sdltemplate\debug\playstate.obj
c:\users\user\source\repos\150project2\sdltemplate\debug\texturemanager.obj
c:\users\john\documents\visual studio 2013\projects\sdltemplate\150project\debug\sdltemplate.ilk
c:\users\john\documents\visual studio 2013\projects\sdltemplate\150project\debug\sdltemplate.exe
c:\users\john\documents\visual studio 2013\projects\sdltemplate\150project\debug\sdltemplate.pdb
c:\users\user\source\repos\150project2\debug\sdltemplate.ilk
c:\users\user\source\repos\150project2\debug\sdltemplate.exe
c:\users\user\source\repos\150project2\debug\sdltemplate.pdb
c:\users\user\source\repos\150project2\sdltemplate\debug\sdltemplate.tlog\cl.command.1.tlog
c:\users\user\source\repos\150project2\sdltemplate\debug\sdltemplate.tlog\cl.read.1.tlog
c:\users\user\source\repos\150project2\sdltemplate\debug\sdltemplate.tlog\cl.write.1.tlog
c:\users\user\source\repos\150project2\sdltemplate\debug\sdltemplate.tlog\link.command.1.tlog
c:\users\user\source\repos\150project2\sdltemplate\debug\sdltemplate.tlog\link.read.1.tlog
c:\users\user\source\repos\150project2\sdltemplate\debug\sdltemplate.tlog\link.write.1.tlog
