Build started 11/6/2014 10:10:04 PM.
     1>Project "C:\Users\CAConnects\Source\Repos\150project2\SDLTemplate\SDLTemplate.vcxproj" on node 2 (Rebuild target(s)).
     1>ClCompile:
         C:\Program Files\Microsoft Visual Studio 12.0\VC\bin\CL.exe /c /I"C:\SDL2\SDL2-devel-2.0.3-VC\SDL2-2.0.3\include" /ZI /nologo /W3 /WX- /sdl /Od /Oy- /D _MBCS /Gm /EHsc /RTC1 /MDd /GS /fp:precise /Zc:wchar_t /Zc:forScope /Fo"Debug\\" /Fd"Debug\vc120.pdb" /Gd /TP /analyze- /errorReport:prompt Base64.cpp Enemy.cpp Game.cpp GameObject.cpp GameStateMachine.cpp Layer.cpp Level.cpp LevelParser.cpp main.cpp MenuState.cpp Player.cpp PlayState.cpp TextureManager.cpp TileLayer.cpp
         TileLayer.cpp
         TextureManager.cpp
         PlayState.cpp
     1>c:\users\caconnects\source\repos\150project2\sdltemplate\playstate.cpp(47): error C2512: 'GameObject' : no appropriate default constructor available
     1>c:\users\caconnects\source\repos\150project2\sdltemplate\playstate.cpp(48): error C2512: 'Player' : no appropriate default constructor available
     1>c:\users\caconnects\source\repos\150project2\sdltemplate\playstate.cpp(49): error C2512: 'Enemy' : no appropriate default constructor available
         Player.cpp
         MenuState.cpp
         main.cpp
         LevelParser.cpp
         Level.cpp
         Layer.cpp
         GameStateMachine.cpp
         GameObject.cpp
         Game.cpp
         Enemy.cpp
         Base64.cpp
         Generating Code...
     1>Done Building Project "C:\Users\CAConnects\Source\Repos\150project2\SDLTemplate\SDLTemplate.vcxproj" (Rebuild target(s)) -- FAILED.

Build FAILED.

Time Elapsed 00:00:08.68
